# JRE version: Java(TM) SE Runtime Environment (8.0_181-b13) (build 1.8.0_181-b13)
# Java VM: Java HotSpot(TM) 64-Bit Server VM (25.181-b13 mixed mode linux-amd64 compressed oops)
Heap:
 PSYoungGen      total 425472K, used 192K [0x00000000d7100000, 0x00000000f2300000, 0x0000000100000000)
  eden space 406528K, 0% used [0x00000000d7100000,0x00000000d7100000,0x00000000efe00000)
  from space 18944K, 1% used [0x00000000efe00000,0x00000000efe30000,0x00000000f1080000)
  to   space 6656K, 0% used [0x00000000f1c80000,0x00000000f1c80000,0x00000000f2300000)
 ParOldGen       total 107008K, used 35764K [0x0000000085200000, 0x000000008ba80000, 0x00000000d7100000)
  object space 107008K, 33% used [0x0000000085200000,0x00000000874ed018,0x000000008ba80000)
 Metaspace       used 60813K, capacity 63408K, committed 63512K, reserved 1103872K
  class space    used 7691K, capacity 8171K, committed 8232K, reserved 1048576K
GC Heap History (10 events):
Event: 29.907 GC heap after
Heap after GC invocations=13 (full 2):
 PSYoungGen      total 259072K, used 12879K [0x00000000d7100000, 0x00000000ece80000, 0x0000000100000000)
  eden space 241664K, 0% used [0x00000000d7100000,0x00000000d7100000,0x00000000e5d00000)
  from space 17408K, 73% used [0x00000000e5d00000,0x00000000e6993fc8,0x00000000e6e00000)
  to   space 17920K, 0% used [0x00000000ebd00000,0x00000000ebd00000,0x00000000ece80000)
 ParOldGen       total 75776K, used 27888K [0x0000000085200000, 0x0000000089c00000, 0x00000000d7100000)
  object space 75776K, 36% used [0x0000000085200000,0x0000000086d3c1a8,0x0000000089c00000)
 Metaspace       used 56593K, capacity 59044K, committed 59160K, reserved 1099776K
  class space    used 7496K, capacity 7947K, committed 7976K, reserved 1048576K
}
Event: 29.907 GC heap before
{Heap before GC invocations=14 (full 3):
 PSYoungGen      total 259072K, used 12879K [0x00000000d7100000, 0x00000000ece80000, 0x0000000100000000)
  eden space 241664K, 0% used [0x00000000d7100000,0x00000000d7100000,0x00000000e5d00000)
  from space 17408K, 73% used [0x00000000e5d00000,0x00000000e6993fc8,0x00000000e6e00000)
  to   space 17920K, 0% used [0x00000000ebd00000,0x00000000ebd00000,0x00000000ece80000)
 ParOldGen       total 75776K, used 27888K [0x0000000085200000, 0x0000000089c00000, 0x00000000d7100000)
  object space 75776K, 36% used [0x0000000085200000,0x0000000086d3c1a8,0x0000000089c00000)
 Metaspace       used 56593K, capacity 59044K, committed 59160K, reserved 1099776K
  class space    used 7496K, capacity 7947K, committed 7976K, reserved 1048576K
Event: 30.062 GC heap after
Heap after GC invocations=14 (full 3):
 PSYoungGen      total 259072K, used 0K [0x00000000d7100000, 0x00000000ece80000, 0x0000000100000000)
  eden space 241664K, 0% used [0x00000000d7100000,0x00000000d7100000,0x00000000e5d00000)
  from space 17408K, 0% used [0x00000000e5d00000,0x00000000e5d00000,0x00000000e6e00000)
  to   space 17920K, 0% used [0x00000000ebd00000,0x00000000ebd00000,0x00000000ece80000)
 ParOldGen       total 107008K, used 34601K [0x0000000085200000, 0x000000008ba80000, 0x00000000d7100000)
  object space 107008K, 32% used [0x0000000085200000,0x00000000873ca438,0x000000008ba80000)
 Metaspace       used 56593K, capacity 59044K, committed 59160K, reserved 1099776K
  class space    used 7496K, capacity 7947K, committed 7976K, reserved 1048576K
}
Event: 385.683 GC heap before
{Heap before GC invocations=15 (full 3):
 PSYoungGen      total 259072K, used 241664K [0x00000000d7100000, 0x00000000ece80000, 0x0000000100000000)
  eden space 241664K, 100% used [0x00000000d7100000,0x00000000e5d00000,0x00000000e5d00000)
  from space 17408K, 0% used [0x00000000e5d00000,0x00000000e5d00000,0x00000000e6e00000)
  to   space 17920K, 0% used [0x00000000ebd00000,0x00000000ebd00000,0x00000000ece80000)
 ParOldGen       total 107008K, used 34601K [0x0000000085200000, 0x000000008ba80000, 0x00000000d7100000)
  object space 107008K, 32% used [0x0000000085200000,0x00000000873ca438,0x000000008ba80000)
 Metaspace       used 60656K, capacity 63280K, committed 63512K, reserved 1103872K
  class space    used 7683K, capacity 8171K, committed 8232K, reserved 1048576K
Event: 385.731 GC heap after
Heap after GC invocations=15 (full 3):
 PSYoungGen      total 339456K, used 2162K [0x00000000d7100000, 0x00000000ed300000, 0x0000000100000000)
  eden space 321536K, 0% used [0x00000000d7100000,0x00000000d7100000,0x00000000eab00000)
  from space 17920K, 12% used [0x00000000ebd00000,0x00000000ebf1c868,0x00000000ece80000)
  to   space 18432K, 0% used [0x00000000eab00000,0x00000000eab00000,0x00000000ebd00000)
 ParOldGen       total 107008K, used 34609K [0x0000000085200000, 0x000000008ba80000, 0x00000000d7100000)
  object space 107008K, 32% used [0x0000000085200000,0x00000000873cc438,0x000000008ba80000)
 Metaspace       used 60656K, capacity 63280K, committed 63512K, reserved 1103872K
  class space    used 7683K, capacity 8171K, committed 8232K, reserved 1048576K
}
Event: 400.246 GC heap before
{Heap before GC invocations=16 (full 3):
 PSYoungGen      total 339456K, used 323698K [0x00000000d7100000, 0x00000000ed300000, 0x0000000100000000)
  eden space 321536K, 100% used [0x00000000d7100000,0x00000000eab00000,0x00000000eab00000)
  from space 17920K, 12% used [0x00000000ebd00000,0x00000000ebf1c868,0x00000000ece80000)
  to   space 18432K, 0% used [0x00000000eab00000,0x00000000eab00000,0x00000000ebd00000)
 ParOldGen       total 107008K, used 34609K [0x0000000085200000, 0x000000008ba80000, 0x00000000d7100000)
  object space 107008K, 32% used [0x0000000085200000,0x00000000873cc438,0x000000008ba80000)
 Metaspace       used 60794K, capacity 63408K, committed 63512K, reserved 1103872K
  class space    used 7686K, capacity 8171K, committed 8232K, reserved 1048576K
Event: 400.253 GC heap after
Heap after GC invocations=16 (full 3):
 PSYoungGen      total 339968K, used 192K [0x00000000d7100000, 0x00000000f2e80000, 0x0000000100000000)
  eden space 321536K, 0% used [0x00000000d7100000,0x00000000d7100000,0x00000000eab00000)
  from space 18432K, 1% used [0x00000000eab00000,0x00000000eab30000,0x00000000ebd00000)
  to   space 18432K, 0% used [0x00000000f1c80000,0x00000000f1c80000,0x00000000f2e80000)
 ParOldGen       total 107008K, used 35659K [0x0000000085200000, 0x000000008ba80000, 0x00000000d7100000)
  object space 107008K, 33% used [0x0000000085200000,0x00000000874d2ff8,0x000000008ba80000)
 Metaspace       used 60794K, capacity 63408K, committed 63512K, reserved 1103872K
  class space    used 7686K, capacity 8171K, committed 8232K, reserved 1048576K
}
Event: 413.051 GC heap before
{Heap before GC invocations=17 (full 3):
 PSYoungGen      total 339968K, used 321728K [0x00000000d7100000, 0x00000000f2e80000, 0x0000000100000000)
  eden space 321536K, 100% used [0x00000000d7100000,0x00000000eab00000,0x00000000eab00000)
  from space 18432K, 1% used [0x00000000eab00000,0x00000000eab30000,0x00000000ebd00000)
  to   space 18432K, 0% used [0x00000000f1c80000,0x00000000f1c80000,0x00000000f2e80000)
 ParOldGen       total 107008K, used 35659K [0x0000000085200000, 0x000000008ba80000, 0x00000000d7100000)
  object space 107008K, 33% used [0x0000000085200000,0x00000000874d2ff8,0x000000008ba80000)
 Metaspace       used 60811K, capacity 63408K, committed 63512K, reserved 1103872K
  class space    used 7690K, capacity 8171K, committed 8232K, reserved 1048576K
Event: 413.241 GC heap after
Heap after GC invocations=17 (full 3):
 PSYoungGen      total 413184K, used 128K [0x00000000d7100000, 0x00000000f2300000, 0x0000000100000000)
  eden space 406528K, 0% used [0x00000000d7100000,0x00000000d7100000,0x00000000efe00000)
  from space 6656K, 1% used [0x00000000f1c80000,0x00000000f1ca0000,0x00000000f2300000)
  to   space 18944K, 0% used [0x00000000efe00000,0x00000000efe00000,0x00000000f1080000)
 ParOldGen       total 107008K, used 35764K [0x0000000085200000, 0x000000008ba80000, 0x00000000d7100000)
  object space 107008K, 33% used [0x0000000085200000,0x00000000874ed018,0x000000008ba80000)
 Metaspace       used 60811K, capacity 63408K, committed 63512K, reserved 1103872K
  class space    used 7690K, capacity 8171K, committed 8232K, reserved 1048576K
}
Event: 484.155 GC heap before
{Heap before GC invocations=18 (full 3):
 PSYoungGen      total 413184K, used 406656K [0x00000000d7100000, 0x00000000f2300000, 0x0000000100000000)
  eden space 406528K, 100% used [0x00000000d7100000,0x00000000efe00000,0x00000000efe00000)
  from space 6656K, 1% used [0x00000000f1c80000,0x00000000f1ca0000,0x00000000f2300000)
  to   space 18944K, 0% used [0x00000000efe00000,0x00000000efe00000,0x00000000f1080000)
 ParOldGen       total 107008K, used 35764K [0x0000000085200000, 0x000000008ba80000, 0x00000000d7100000)
  object space 107008K, 33% used [0x0000000085200000,0x00000000874ed018,0x000000008ba80000)
 Metaspace       used 60813K, capacity 63408K, committed 63512K, reserved 1103872K
  class space    used 7691K, capacity 8171K, committed 8232K, reserved 1048576K

